c:\dev\myprojects\dreamrealm\dependencies\crunchmath\debug\crunchmath.pdb
c:\dev\myprojects\dreamrealm\dependencies\crunchmath\crunchmath.dir\debug\world.obj
c:\dev\myprojects\dreamrealm\dependencies\crunchmath\crunchmath.dir\debug\contacts.obj
c:\dev\myprojects\dreamrealm\dependencies\crunchmath\crunchmath.dir\debug\collisions.obj
c:\dev\myprojects\dreamrealm\dependencies\crunchmath\crunchmath.dir\debug\body.obj
c:\dev\myprojects\dreamrealm\dependencies\crunchmath\crunchmath.dir\debug\vec4.obj
c:\dev\myprojects\dreamrealm\dependencies\crunchmath\crunchmath.dir\debug\vec3.obj
c:\dev\myprojects\dreamrealm\dependencies\crunchmath\crunchmath.dir\debug\sphere.obj
c:\dev\myprojects\dreamrealm\dependencies\crunchmath\crunchmath.dir\debug\quaternion.obj
c:\dev\myprojects\dreamrealm\dependencies\crunchmath\crunchmath.dir\debug\obb.obj
c:\dev\myprojects\dreamrealm\dependencies\crunchmath\crunchmath.dir\debug\math_util.obj
c:\dev\myprojects\dreamrealm\dependencies\crunchmath\crunchmath.dir\debug\mat4x4.obj
c:\dev\myprojects\dreamrealm\dependencies\crunchmath\crunchmath.dir\debug\mat3x3.obj
c:\dev\myprojects\dreamrealm\dependencies\crunchmath\crunchmath.dir\debug\bvhsphere.obj
c:\dev\myprojects\dreamrealm\dependencies\crunchmath\crunchmath.dir\debug\aabb.obj
c:\dev\myprojects\dreamrealm\dependencies\crunchmath\debug\crunchmathd.pdb
c:\dev\myprojects\dreamrealm\dependencies\crunchmath\cmakefiles\generate.stamp
c:\dev\myprojects\dreamrealm\dependencies\crunchmath\debug\crunchmathd.lib
c:\dev\myprojects\dreamrealm\dependencies\crunchmath\crunchmath.dir\debug\crunchmath.tlog\cl.command.1.tlog
c:\dev\myprojects\dreamrealm\dependencies\crunchmath\crunchmath.dir\debug\crunchmath.tlog\cl.read.1.tlog
c:\dev\myprojects\dreamrealm\dependencies\crunchmath\crunchmath.dir\debug\crunchmath.tlog\cl.write.1.tlog
c:\dev\myprojects\dreamrealm\dependencies\crunchmath\crunchmath.dir\debug\crunchmath.tlog\custombuild.command.1.tlog
c:\dev\myprojects\dreamrealm\dependencies\crunchmath\crunchmath.dir\debug\crunchmath.tlog\custombuild.read.1.tlog
c:\dev\myprojects\dreamrealm\dependencies\crunchmath\crunchmath.dir\debug\crunchmath.tlog\custombuild.write.1.tlog
c:\dev\myprojects\dreamrealm\dependencies\crunchmath\crunchmath.dir\debug\crunchmath.tlog\lib-link.read.1.tlog
c:\dev\myprojects\dreamrealm\dependencies\crunchmath\crunchmath.dir\debug\crunchmath.tlog\lib-link.write.1.tlog
c:\dev\myprojects\dreamrealm\dependencies\crunchmath\crunchmath.dir\debug\crunchmath.tlog\lib.command.1.tlog
