  Building Custom Rule C:/Dev/MyProjects/DreamRealm/Dependencies/CrunchMath/CMakeLists.txt
  AABB.cpp
  BVHSphere.cpp
  Mat3x3.cpp
  Mat4x4.cpp
C:\Dev\MyProjects\DreamRealm\Dependencies\CrunchMath\src\Math\Mat4x4.cpp(220,14): warning C4244: 'initializing': conversion from 'double' to 'float', possible loss of data
C:\Dev\MyProjects\DreamRealm\Dependencies\CrunchMath\src\Math\Mat4x4.cpp(236,14): warning C4244: 'initializing': conversion from 'double' to 'float', possible loss of data
  Math_Util.cpp
  OBB.cpp
C:\Dev\MyProjects\DreamRealm\Dependencies\CrunchMath\src\Math\OBB.cpp(147,21): warning C4018: '<': signed/unsigned mismatch
C:\Dev\MyProjects\DreamRealm\Dependencies\CrunchMath\src\Math\OBB.cpp(149,22): warning C4018: '<': signed/unsigned mismatch
C:\Dev\MyProjects\DreamRealm\Dependencies\CrunchMath\src\Math\OBB.cpp(151,23): warning C4018: '<': signed/unsigned mismatch
C:\Dev\MyProjects\DreamRealm\Dependencies\CrunchMath\src\Math\OBB.cpp(173,21): warning C4018: '<': signed/unsigned mismatch
C:\Dev\MyProjects\DreamRealm\Dependencies\CrunchMath\src\Math\OBB.cpp(175,22): warning C4018: '<': signed/unsigned mismatch
C:\Dev\MyProjects\DreamRealm\Dependencies\CrunchMath\src\Math\OBB.cpp(185,21): warning C4018: '<': signed/unsigned mismatch
C:\Dev\MyProjects\DreamRealm\Dependencies\CrunchMath\src\Math\OBB.cpp(198,21): warning C4018: '<': signed/unsigned mismatch
  Quaternion.cpp
C:\Dev\MyProjects\DreamRealm\Dependencies\CrunchMath\src\Math\Quaternion.cpp(35,25): warning C4244: 'initializing': conversion from 'double' to 'float', possible loss of data
C:\Dev\MyProjects\DreamRealm\Dependencies\CrunchMath\src\Math\Quaternion.cpp(36,25): warning C4244: 'initializing': conversion from 'double' to 'float', possible loss of data
C:\Dev\MyProjects\DreamRealm\Dependencies\CrunchMath\src\Math\Quaternion.cpp(53,13): warning C4244: '=': conversion from 'double' to 'float', possible loss of data
C:\Dev\MyProjects\DreamRealm\Dependencies\CrunchMath\src\Math\Quaternion.cpp(53,36): warning C4244: '=': conversion from 'double' to 'float', possible loss of data
C:\Dev\MyProjects\DreamRealm\Dependencies\CrunchMath\src\Math\Quaternion.cpp(53,60): warning C4244: '=': conversion from 'double' to 'float', possible loss of data
C:\Dev\MyProjects\DreamRealm\Dependencies\CrunchMath\src\Math\Quaternion.cpp(54,13): warning C4244: '=': conversion from 'double' to 'float', possible loss of data
C:\Dev\MyProjects\DreamRealm\Dependencies\CrunchMath\src\Math\Quaternion.cpp(54,36): warning C4244: '=': conversion from 'double' to 'float', possible loss of data
C:\Dev\MyProjects\DreamRealm\Dependencies\CrunchMath\src\Math\Quaternion.cpp(54,60): warning C4244: '=': conversion from 'double' to 'float', possible loss of data
C:\Dev\MyProjects\DreamRealm\Dependencies\CrunchMath\src\Math\Quaternion.cpp(73,13): warning C4244: '=': conversion from 'double' to 'float', possible loss of data
C:\Dev\MyProjects\DreamRealm\Dependencies\CrunchMath\src\Math\Quaternion.cpp(73,38): warning C4244: '=': conversion from 'double' to 'float', possible loss of data
C:\Dev\MyProjects\DreamRealm\Dependencies\CrunchMath\src\Math\Quaternion.cpp(73,64): warning C4244: '=': conversion from 'double' to 'float', possible loss of data
C:\Dev\MyProjects\DreamRealm\Dependencies\CrunchMath\src\Math\Quaternion.cpp(74,13): warning C4244: '=': conversion from 'double' to 'float', possible loss of data
C:\Dev\MyProjects\DreamRealm\Dependencies\CrunchMath\src\Math\Quaternion.cpp(74,38): warning C4244: '=': conversion from 'double' to 'float', possible loss of data
C:\Dev\MyProjects\DreamRealm\Dependencies\CrunchMath\src\Math\Quaternion.cpp(74,64): warning C4244: '=': conversion from 'double' to 'float', possible loss of data
C:\Dev\MyProjects\DreamRealm\Dependencies\CrunchMath\src\Math\Quaternion.cpp(86,25): warning C4244: 'initializing': conversion from 'double' to 'float', possible loss of data
C:\Dev\MyProjects\DreamRealm\Dependencies\CrunchMath\src\Math\Quaternion.cpp(87,25): warning C4244: 'initializing': conversion from 'double' to 'float', possible loss of data
C:\Dev\MyProjects\DreamRealm\Dependencies\CrunchMath\src\Math\Quaternion.cpp(97,25): warning C4244: 'initializing': conversion from 'double' to 'float', possible loss of data
C:\Dev\MyProjects\DreamRealm\Dependencies\CrunchMath\src\Math\Quaternion.cpp(98,25): warning C4244: 'initializing': conversion from 'double' to 'float', possible loss of data
C:\Dev\MyProjects\DreamRealm\Dependencies\CrunchMath\src\Math\Quaternion.cpp(108,25): warning C4244: 'initializing': conversion from 'double' to 'float', possible loss of data
C:\Dev\MyProjects\DreamRealm\Dependencies\CrunchMath\src\Math\Quaternion.cpp(109,25): warning C4244: 'initializing': conversion from 'double' to 'float', possible loss of data
  Sphere.cpp
  Vec3.cpp
  Vec4.cpp
  Body.cpp
  Collisions.cpp
C:\Dev\MyProjects\DreamRealm\Dependencies\CrunchMath\src\Physics\Collisions.cpp(78,41): warning C4305: 'initializing': truncation from '__int64' to 'float'
  Contacts.cpp
C:\Dev\MyProjects\DreamRealm\Dependencies\CrunchMath\src\Physics\Contacts.cpp(397,28): warning C4244: 'initializing': conversion from 'int' to 'float', possible loss of data
C:\Dev\MyProjects\DreamRealm\Dependencies\CrunchMath\src\Physics\Contacts.cpp(577,84): warning C4244: 'argument': conversion from 'int' to 'const float', possible loss of data
  World.cpp
C:\Dev\MyProjects\DreamRealm\Dependencies\CrunchMath\src\Physics\World.cpp(42,22): warning C4018: '<': signed/unsigned mismatch
  Generating Code...
C:\Dev\MyProjects\DreamRealm\Dependencies\CrunchMath\src\Physics\World.cpp(97): warning C4715: 'CrunchMath::World::CreateBody': not all control paths return a value
  CrunchMath.vcxproj -> C:\Dev\MyProjects\DreamRealm\Dependencies\CrunchMath\Debug\CrunchMath.lib
