c:\dev\dev\dreamrealm\dreamrealm\bin-int\debug\win32\vc142.pdb
c:\dev\dev\dreamrealm\dreamrealm\bin-int\debug\win32\vc142.idb
c:\dev\dev\dreamrealm\dreamrealm\bin-int\debug\win32\glad.obj
c:\dev\dev\dreamrealm\dreamrealm\bin-int\debug\win32\texture.obj
c:\dev\dev\dreamrealm\dreamrealm\bin-int\debug\win32\shader.obj
c:\dev\dev\dreamrealm\dreamrealm\bin-int\debug\win32\main.obj
c:\dev\dev\dreamrealm\dreamrealm\bin-int\debug\win32\skeletalmesh.obj
c:\dev\dev\dreamrealm\dreamrealm\bin-int\debug\win32\vec4.obj
c:\dev\dev\dreamrealm\dreamrealm\bin-int\debug\win32\vec3.obj
c:\dev\dev\dreamrealm\dreamrealm\bin-int\debug\win32\sphere.obj
c:\dev\dev\dreamrealm\dreamrealm\bin-int\debug\win32\quaternion.obj
c:\dev\dev\dreamrealm\dreamrealm\bin-int\debug\win32\obb.obj
c:\dev\dev\dreamrealm\dreamrealm\bin-int\debug\win32\math_util.obj
c:\dev\dev\dreamrealm\dreamrealm\bin-int\debug\win32\mat4x4.obj
c:\dev\dev\dreamrealm\dreamrealm\bin-int\debug\win32\bvhsphere.obj
c:\dev\dev\dreamrealm\dreamrealm\bin-int\debug\win32\aabb.obj
c:\dev\dev\dreamrealm\dreamrealm\bin-int\debug\win32\dreamrealm.tlog\cl.command.1.tlog
c:\dev\dev\dreamrealm\dreamrealm\bin-int\debug\win32\dreamrealm.tlog\cl.read.1.tlog
c:\dev\dev\dreamrealm\dreamrealm\bin-int\debug\win32\dreamrealm.tlog\cl.write.1.tlog
c:\dev\dev\dreamrealm\dreamrealm\bin-int\debug\win32\dreamrealm.tlog\link.command.1.tlog
c:\dev\dev\dreamrealm\dreamrealm\bin-int\debug\win32\dreamrealm.tlog\link.read.1.tlog
c:\dev\dev\dreamrealm\dreamrealm\bin-int\debug\win32\dreamrealm.tlog\link.write.1.tlog
