C:\Program Files (x86)\Microsoft Visual Studio\2019\Community\MSBuild\Microsoft\VC\v160\Microsoft.CppBuild.targets(452,5): warning MSB8004: Intermediate Directory does not end with a trailing slash.  This build instance will add the slash as it is required to allow proper evaluation of the Intermediate Directory.
C:\Program Files (x86)\Microsoft Visual Studio\2019\Community\MSBuild\Microsoft\VC\v160\Microsoft.CppBuild.targets(453,5): warning MSB8004: Output Directory does not end with a trailing slash.  This build instance will add the slash as it is required to allow proper evaluation of the Output Directory.
  Sphere.cpp
  BVHSphere.cpp
  AABB.cpp
  Mat4x4.cpp
C:\MyCareer\GameEngineDev\CrunchMath\CrunchMath\src\Mat4x4.cpp(220,14): warning C4244: 'initializing': conversion from 'double' to 'float', possible loss of data
C:\MyCareer\GameEngineDev\CrunchMath\CrunchMath\src\Mat4x4.cpp(236,14): warning C4244: 'initializing': conversion from 'double' to 'float', possible loss of data
  Math_Util.cpp
  Vec3.cpp
  Quaternion.cpp
C:\MyCareer\GameEngineDev\CrunchMath\CrunchMath\src\Quaternion.cpp(35,25): warning C4244: 'initializing': conversion from 'double' to 'float', possible loss of data
C:\MyCareer\GameEngineDev\CrunchMath\CrunchMath\src\Quaternion.cpp(36,25): warning C4244: 'initializing': conversion from 'double' to 'float', possible loss of data
C:\MyCareer\GameEngineDev\CrunchMath\CrunchMath\src\Quaternion.cpp(53,13): warning C4244: '=': conversion from 'double' to 'float', possible loss of data
C:\MyCareer\GameEngineDev\CrunchMath\CrunchMath\src\Quaternion.cpp(53,36): warning C4244: '=': conversion from 'double' to 'float', possible loss of data
C:\MyCareer\GameEngineDev\CrunchMath\CrunchMath\src\Quaternion.cpp(53,60): warning C4244: '=': conversion from 'double' to 'float', possible loss of data
C:\MyCareer\GameEngineDev\CrunchMath\CrunchMath\src\Quaternion.cpp(54,13): warning C4244: '=': conversion from 'double' to 'float', possible loss of data
C:\MyCareer\GameEngineDev\CrunchMath\CrunchMath\src\Quaternion.cpp(54,36): warning C4244: '=': conversion from 'double' to 'float', possible loss of data
C:\MyCareer\GameEngineDev\CrunchMath\CrunchMath\src\Quaternion.cpp(54,60): warning C4244: '=': conversion from 'double' to 'float', possible loss of data
C:\MyCareer\GameEngineDev\CrunchMath\CrunchMath\src\Quaternion.cpp(73,13): warning C4244: '=': conversion from 'double' to 'float', possible loss of data
C:\MyCareer\GameEngineDev\CrunchMath\CrunchMath\src\Quaternion.cpp(73,38): warning C4244: '=': conversion from 'double' to 'float', possible loss of data
C:\MyCareer\GameEngineDev\CrunchMath\CrunchMath\src\Quaternion.cpp(73,64): warning C4244: '=': conversion from 'double' to 'float', possible loss of data
C:\MyCareer\GameEngineDev\CrunchMath\CrunchMath\src\Quaternion.cpp(74,13): warning C4244: '=': conversion from 'double' to 'float', possible loss of data
C:\MyCareer\GameEngineDev\CrunchMath\CrunchMath\src\Quaternion.cpp(74,38): warning C4244: '=': conversion from 'double' to 'float', possible loss of data
C:\MyCareer\GameEngineDev\CrunchMath\CrunchMath\src\Quaternion.cpp(74,64): warning C4244: '=': conversion from 'double' to 'float', possible loss of data
C:\MyCareer\GameEngineDev\CrunchMath\CrunchMath\src\Quaternion.cpp(86,25): warning C4244: 'initializing': conversion from 'double' to 'float', possible loss of data
C:\MyCareer\GameEngineDev\CrunchMath\CrunchMath\src\Quaternion.cpp(87,25): warning C4244: 'initializing': conversion from 'double' to 'float', possible loss of data
C:\MyCareer\GameEngineDev\CrunchMath\CrunchMath\src\Quaternion.cpp(97,25): warning C4244: 'initializing': conversion from 'double' to 'float', possible loss of data
C:\MyCareer\GameEngineDev\CrunchMath\CrunchMath\src\Quaternion.cpp(98,25): warning C4244: 'initializing': conversion from 'double' to 'float', possible loss of data
C:\MyCareer\GameEngineDev\CrunchMath\CrunchMath\src\Quaternion.cpp(108,25): warning C4244: 'initializing': conversion from 'double' to 'float', possible loss of data
C:\MyCareer\GameEngineDev\CrunchMath\CrunchMath\src\Quaternion.cpp(109,25): warning C4244: 'initializing': conversion from 'double' to 'float', possible loss of data
  OBB.cpp
C:\MyCareer\GameEngineDev\CrunchMath\CrunchMath\src\OBB.cpp(189,21): warning C4018: '<': signed/unsigned mismatch
C:\MyCareer\GameEngineDev\CrunchMath\CrunchMath\src\OBB.cpp(201,21): warning C4018: '<': signed/unsigned mismatch
  Vec4.cpp
  Generating Code...
  CrunchMath.vcxproj -> C:\MyCareer\GameEngineDev\DreamRealm\bin\CrunchMath\Win32\Debug\CrunchMath.lib
